#
# There is insufficient memory for the Java Runtime Environment to continue.
# Native memory allocation (malloc) failed to allocate 416656 bytes for Chunk::new
# Possible reasons:
#   The system is out of physical RAM or swap space
#   The process is running with CompressedOops enabled, and the Java Heap may be blocking the growth of the native heap
# Possible solutions:
#   Reduce memory load on the system
#   Increase physical memory or swap space
#   Check if swap backing store is full
#   Decrease Java heap size (-Xmx/-Xms)
#   Decrease number of Java threads
#   Decrease Java thread stack sizes (-Xss)
#   Set larger code cache with -XX:ReservedCodeCacheSize=
#   JVM is running with Unscaled Compressed Oops mode in which the Java heap is
#     placed in the first 4GB address space. The Java Heap base address is the
#     maximum limit for the native heap growth. Please use -XX:HeapBaseMinAddress
#     to set the Java Heap base and to place the Java Heap above 4GB virtual address.
# This output file may be truncated or incomplete.
#
#  Out of Memory Error (arena.cpp:184), pid=8276, tid=8720
#
# JRE version: Java(TM) SE Runtime Environment (20.0.1+9) (build 20.0.1+9-29)
# Java VM: Java HotSpot(TM) 64-Bit Server VM (20.0.1+9-29, mixed mode, sharing, tiered, compressed oops, compressed class ptrs, g1 gc, windows-amd64)
# No core dump will be written. Minidumps are not enabled by default on client versions of Windows
#

---------------  S U M M A R Y ------------

Command Line: -Dclassworlds.conf=C:\Program Files\NetBeans-18\netbeans\java\maven\bin\m2.conf -Dmaven.home=C:\Program Files\NetBeans-18\netbeans\java\maven -Dlibrary.jansi.path=C:\Program Files\NetBeans-18\netbeans\java\maven\lib\jansi-native -Dmaven.multiModuleProjectDirectory=C:\Users\annia\Documents\NetBeansProjects\ConvertisseurDOC org.codehaus.plexus.classworlds.launcher.Launcher -Dnetbeans.deploy=true -Dexec.vmArgs= -Dexec.appArgs= -Dmaven.ext.class.path=C:\Program Files\NetBeans-18\netbeans\java\maven-nblib\netbeans-eventspy.jar --no-transfer-progress package

Host: 11th Gen Intel(R) Core(TM) i3-1115G4 @ 3.00GHz, 4 cores, 3G,  Windows 11 , 64 bit Build 22621 (10.0.22621.5415)
Time: Wed Feb 25 15:17:06 2026 Haiti Standard Time elapsed time: 4.838446 seconds (0d 0h 0m 4s)

---------------  T H R E A D  ---------------

Current thread (0x00000183e85fc0d0):  JavaThread "C2 CompilerThread0" daemon [_thread_in_native, id=8720, stack(0x000000683ff00000,0x0000006840000000)]


Current CompileTask:
C2:   4838 2725   !   4       java.net.URL::<init> (543 bytes)

Stack: [0x000000683ff00000,0x0000006840000000]
Native frames: (J=compiled Java code, j=interpreted, Vv=VM code, C=native code)
V  [jvm.dll+0x6bb95a]
V  [jvm.dll+0x8485fa]
V  [jvm.dll+0x84a1f5]
V  [jvm.dll+0x84a8f3]
V  [jvm.dll+0x280b0f]
V  [jvm.dll+0xc2b11]
V  [jvm.dll+0xc2e35]
V  [jvm.dll+0x2f5dbf]
V  [jvm.dll+0x5e32eb]
V  [jvm.dll+0x2543b4]
V  [jvm.dll+0x24cb30]
V  [jvm.dll+0x24a549]
V  [jvm.dll+0x1ce491]
V  [jvm.dll+0x259e1b]
V  [jvm.dll+0x2584f0]
V  [jvm.dll+0x3f2895]
V  [jvm.dll+0x7f4b56]
V  [jvm.dll+0x6ba5cb]
C  [ucrtbase.dll+0x29333]
C  [KERNEL32.DLL+0x1259d]
C  [ntdll.dll+0x5af78]


---------------  P R O C E S S  ---------------

Threads class SMR info:
_java_thread_list=0x00000183ec86cad0, length=11, elements={
0x00000183cbc73c50, 0x00000183e85f3000, 0x00000183e85f52a0, 0x00000183e85f84d0,
0x00000183e85f9f10, 0x00000183e85fa940, 0x00000183e85fb370, 0x00000183e85fc0d0,
0x00000183e85feaa0, 0x00000183ec891dc0, 0x00000183ec8a0c10
}

Java Threads: ( => current thread )
  0x00000183cbc73c50 JavaThread "main" [_thread_in_native, id=24424, stack(0x000000683f200000,0x000000683f300000)]
  0x00000183e85f3000 JavaThread "Reference Handler" daemon [_thread_blocked, id=21536, stack(0x000000683f900000,0x000000683fa00000)]
  0x00000183e85f52a0 JavaThread "Finalizer" daemon [_thread_blocked, id=6540, stack(0x000000683fa00000,0x000000683fb00000)]
  0x00000183e85f84d0 JavaThread "Signal Dispatcher" daemon [_thread_blocked, id=17644, stack(0x000000683fb00000,0x000000683fc00000)]
  0x00000183e85f9f10 JavaThread "Attach Listener" daemon [_thread_blocked, id=14780, stack(0x000000683fc00000,0x000000683fd00000)]
  0x00000183e85fa940 JavaThread "Service Thread" daemon [_thread_blocked, id=8928, stack(0x000000683fd00000,0x000000683fe00000)]
  0x00000183e85fb370 JavaThread "Monitor Deflation Thread" daemon [_thread_blocked, id=9512, stack(0x000000683fe00000,0x000000683ff00000)]
=>0x00000183e85fc0d0 JavaThread "C2 CompilerThread0" daemon [_thread_in_native, id=8720, stack(0x000000683ff00000,0x0000006840000000)]
  0x00000183e85feaa0 JavaThread "C1 CompilerThread0" daemon [_thread_blocked, id=16264, stack(0x0000006840000000,0x0000006840100000)]
  0x00000183ec891dc0 JavaThread "Notification Thread" daemon [_thread_blocked, id=7016, stack(0x0000006840100000,0x0000006840200000)]
  0x00000183ec8a0c10 JavaThread "Common-Cleaner" daemon [_thread_blocked, id=23368, stack(0x0000006840300000,0x0000006840400000)]

Other Threads:
  0x00000183e85d6b50 VMThread "VM Thread" [stack: 0x000000683f800000,0x000000683f900000] [id=24508]
  0x00000183ec898330 WatcherThread "VM Periodic Task Thread" [stack: 0x0000006840200000,0x0000006840300000] [id=17968]
  0x00000183cbcb28e0 WorkerThread "GC Thread#0" [stack: 0x000000683f300000,0x000000683f400000] [id=11272]
  0x00000183ece682f0 WorkerThread "GC Thread#1" [stack: 0x0000006840400000,0x0000006840500000] [id=21288]
  0x00000183ed037ad0 WorkerThread "GC Thread#2" [stack: 0x0000006840500000,0x0000006840600000] [id=22024]
  0x00000183eced19f0 WorkerThread "GC Thread#3" [stack: 0x0000006840600000,0x0000006840700000] [id=15012]
  0x00000183cbcbb1b0 ConcurrentGCThread "G1 Main Marker" [stack: 0x000000683f400000,0x000000683f500000] [id=1344]
  0x00000183cbcbbd80 WorkerThread "G1 Conc#0" [stack: 0x000000683f500000,0x000000683f600000] [id=22048]
  0x00000183cbd13a40 ConcurrentGCThread "G1 Refine#0" [stack: 0x000000683f600000,0x000000683f700000] [id=17660]
  0x00000183cbd163f0 ConcurrentGCThread "G1 Service" [stack: 0x000000683f700000,0x000000683f800000] [id=10908]

Threads with active compile tasks:
C2 CompilerThread0     4873 2725   !   4       java.net.URL::<init> (543 bytes)

VM state: not at safepoint (normal execution)

VM Mutex/Monitor currently owned by a thread: None

Heap address: 0x00000000c3200000, size: 974 MB, Compressed Oops mode: 32-bit

CDS archive(s) mapped at: [0x0000000800000000-0x0000000800c60000-0x0000000800c60000), size 12976128, SharedBaseAddress: 0x0000000800000000, ArchiveRelocationMode: 0.
Compressed class space mapped at: 0x0000000801000000-0x0000000841000000, reserved size: 1073741824
Narrow klass base: 0x0000000800000000, Narrow klass shift: 0, Narrow klass range: 0x100000000

GC Precious Log:
 CardTable entry size: 512
 Card Set container configuration: InlinePtr #cards 5 size 8 Array Of Cards #cards 12 size 40 Howl #buckets 4 coarsen threshold 1843 Howl Bitmap #cards 512 size 80 coarsen threshold 460 Card regions per heap region 1 cards per card region 2048
 CPUs: 4 total, 4 available
 Memory: 3895M
 Large Page Support: Disabled
 NUMA Support: Disabled
 Compressed Oops: Enabled (32-bit)
 Heap Region Size: 1M
 Heap Min Capacity: 8M
 Heap Initial Capacity: 62M
 Heap Max Capacity: 974M
 Pre-touch: Disabled
 Parallel Workers: 4
 Concurrent Workers: 1
 Concurrent Refinement Workers: 4
 Periodic GC: Disabled

Heap:
 garbage-first heap   total 63488K, used 12022K [0x00000000c3200000, 0x0000000100000000)
  region size 1024K, 10 young (10240K), 4 survivors (4096K)
 Metaspace       used 13410K, committed 13696K, reserved 1114112K
  class space    used 1620K, committed 1728K, reserved 1048576K

Heap Regions: E=young(eden), S=young(survivor), O=old, HS=humongous(starts), HC=humongous(continues), CS=collection set, F=free, OA=open archive, CA=closed archive, TAMS=top-at-mark-start, PB=parsable bottom
|   0|0x00000000c3200000, 0x00000000c3300000, 0x00000000c3300000|100%| O|  |TAMS 0x00000000c3200000| PB 0x00000000c3200000| Untracked 
|   1|0x00000000c3300000, 0x00000000c3400000, 0x00000000c3400000|100%| O|  |TAMS 0x00000000c3300000| PB 0x00000000c3300000| Untracked 
|   2|0x00000000c3400000, 0x00000000c3500000, 0x00000000c3500000|100%| O|  |TAMS 0x00000000c3400000| PB 0x00000000c3400000| Untracked 
|   3|0x00000000c3500000, 0x00000000c3568400, 0x00000000c3600000| 40%| O|  |TAMS 0x00000000c3500000| PB 0x00000000c3500000| Untracked 
|   4|0x00000000c3600000, 0x00000000c3600000, 0x00000000c3700000|  0%| F|  |TAMS 0x00000000c3600000| PB 0x00000000c3600000| Untracked 
|   5|0x00000000c3700000, 0x00000000c3700000, 0x00000000c3800000|  0%| F|  |TAMS 0x00000000c3700000| PB 0x00000000c3700000| Untracked 
|   6|0x00000000c3800000, 0x00000000c3800000, 0x00000000c3900000|  0%| F|  |TAMS 0x00000000c3800000| PB 0x00000000c3800000| Untracked 
|   7|0x00000000c3900000, 0x00000000c3900000, 0x00000000c3a00000|  0%| F|  |TAMS 0x00000000c3900000| PB 0x00000000c3900000| Untracked 
|   8|0x00000000c3a00000, 0x00000000c3a00000, 0x00000000c3b00000|  0%| F|  |TAMS 0x00000000c3a00000| PB 0x00000000c3a00000| Untracked 
|   9|0x00000000c3b00000, 0x00000000c3b00000, 0x00000000c3c00000|  0%| F|  |TAMS 0x00000000c3b00000| PB 0x00000000c3b00000| Untracked 
|  10|0x00000000c3c00000, 0x00000000c3c00000, 0x00000000c3d00000|  0%| F|  |TAMS 0x00000000c3c00000| PB 0x00000000c3c00000| Untracked 
|  11|0x00000000c3d00000, 0x00000000c3d00000, 0x00000000c3e00000|  0%| F|  |TAMS 0x00000000c3d00000| PB 0x00000000c3d00000| Untracked 
|  12|0x00000000c3e00000, 0x00000000c3e00000, 0x00000000c3f00000|  0%| F|  |TAMS 0x00000000c3e00000| PB 0x00000000c3e00000| Untracked 
|  13|0x00000000c3f00000, 0x00000000c3f00000, 0x00000000c4000000|  0%| F|  |TAMS 0x00000000c3f00000| PB 0x00000000c3f00000| Untracked 
|  14|0x00000000c4000000, 0x00000000c4000000, 0x00000000c4100000|  0%| F|  |TAMS 0x00000000c4000000| PB 0x00000000c4000000| Untracked 
|  15|0x00000000c4100000, 0x00000000c4100000, 0x00000000c4200000|  0%| F|  |TAMS 0x00000000c4100000| PB 0x00000000c4100000| Untracked 
|  16|0x00000000c4200000, 0x00000000c4200000, 0x00000000c4300000|  0%| F|  |TAMS 0x00000000c4200000| PB 0x00000000c4200000| Untracked 
|  17|0x00000000c4300000, 0x00000000c4300000, 0x00000000c4400000|  0%| F|  |TAMS 0x00000000c4300000| PB 0x00000000c4300000| Untracked 
|  18|0x00000000c4400000, 0x00000000c4400000, 0x00000000c4500000|  0%| F|  |TAMS 0x00000000c4400000| PB 0x00000000c4400000| Untracked 
|  19|0x00000000c4500000, 0x00000000c4500000, 0x00000000c4600000|  0%| F|  |TAMS 0x00000000c4500000| PB 0x00000000c4500000| Untracked 
|  20|0x00000000c4600000, 0x00000000c4600000, 0x00000000c4700000|  0%| F|  |TAMS 0x00000000c4600000| PB 0x00000000c4600000| Untracked 
|  21|0x00000000c4700000, 0x00000000c47556c0, 0x00000000c4800000| 33%| S|CS|TAMS 0x00000000c4700000| PB 0x00000000c4700000| Complete 
|  22|0x00000000c4800000, 0x00000000c4900000, 0x00000000c4900000|100%| S|CS|TAMS 0x00000000c4800000| PB 0x00000000c4800000| Complete 
|  23|0x00000000c4900000, 0x00000000c4a00000, 0x00000000c4a00000|100%| S|CS|TAMS 0x00000000c4900000| PB 0x00000000c4900000| Complete 
|  24|0x00000000c4a00000, 0x00000000c4b00000, 0x00000000c4b00000|100%| S|CS|TAMS 0x00000000c4a00000| PB 0x00000000c4a00000| Complete 
|  25|0x00000000c4b00000, 0x00000000c4b00000, 0x00000000c4c00000|  0%| F|  |TAMS 0x00000000c4b00000| PB 0x00000000c4b00000| Untracked 
|  26|0x00000000c4c00000, 0x00000000c4c00000, 0x00000000c4d00000|  0%| F|  |TAMS 0x00000000c4c00000| PB 0x00000000c4c00000| Untracked 
|  27|0x00000000c4d00000, 0x00000000c4d00000, 0x00000000c4e00000|  0%| F|  |TAMS 0x00000000c4d00000| PB 0x00000000c4d00000| Untracked 
|  28|0x00000000c4e00000, 0x00000000c4e00000, 0x00000000c4f00000|  0%| F|  |TAMS 0x00000000c4e00000| PB 0x00000000c4e00000| Untracked 
|  29|0x00000000c4f00000, 0x00000000c4f00000, 0x00000000c5000000|  0%| F|  |TAMS 0x00000000c4f00000| PB 0x00000000c4f00000| Untracked 
|  30|0x00000000c5000000, 0x00000000c5000000, 0x00000000c5100000|  0%| F|  |TAMS 0x00000000c5000000| PB 0x00000000c5000000| Untracked 
|  31|0x00000000c5100000, 0x00000000c5100000, 0x00000000c5200000|  0%| F|  |TAMS 0x00000000c5100000| PB 0x00000000c5100000| Untracked 
|  32|0x00000000c5200000, 0x00000000c5200000, 0x00000000c5300000|  0%| F|  |TAMS 0x00000000c5200000| PB 0x00000000c5200000| Untracked 
|  33|0x00000000c5300000, 0x00000000c5300000, 0x00000000c5400000|  0%| F|  |TAMS 0x00000000c5300000| PB 0x00000000c5300000| Untracked 
|  34|0x00000000c5400000, 0x00000000c5400000, 0x00000000c5500000|  0%| F|  |TAMS 0x00000000c5400000| PB 0x00000000c5400000| Untracked 
|  35|0x00000000c5500000, 0x00000000c5500000, 0x00000000c5600000|  0%| F|  |TAMS 0x00000000c5500000| PB 0x00000000c5500000| Untracked 
|  36|0x00000000c5600000, 0x00000000c5600000, 0x00000000c5700000|  0%| F|  |TAMS 0x00000000c5600000| PB 0x00000000c5600000| Untracked 
|  37|0x00000000c5700000, 0x00000000c5700000, 0x00000000c5800000|  0%| F|  |TAMS 0x00000000c5700000| PB 0x00000000c5700000| Untracked 
|  38|0x00000000c5800000, 0x00000000c5800000, 0x00000000c5900000|  0%| F|  |TAMS 0x00000000c5800000| PB 0x00000000c5800000| Untracked 
|  39|0x00000000c5900000, 0x00000000c5900000, 0x00000000c5a00000|  0%| F|  |TAMS 0x00000000c5900000| PB 0x00000000c5900000| Untracked 
|  40|0x00000000c5a00000, 0x00000000c5a00000, 0x00000000c5b00000|  0%| F|  |TAMS 0x00000000c5a00000| PB 0x00000000c5a00000| Untracked 
|  41|0x00000000c5b00000, 0x00000000c5b00000, 0x00000000c5c00000|  0%| F|  |TAMS 0x00000000c5b00000| PB 0x00000000c5b00000| Untracked 
|  42|0x00000000c5c00000, 0x00000000c5c00000, 0x00000000c5d00000|  0%| F|  |TAMS 0x00000000c5c00000| PB 0x00000000c5c00000| Untracked 
|  43|0x00000000c5d00000, 0x00000000c5d00000, 0x00000000c5e00000|  0%| F|  |TAMS 0x00000000c5d00000| PB 0x00000000c5d00000| Untracked 
|  44|0x00000000c5e00000, 0x00000000c5e00000, 0x00000000c5f00000|  0%| F|  |TAMS 0x00000000c5e00000| PB 0x00000000c5e00000| Untracked 
|  45|0x00000000c5f00000, 0x00000000c5f00000, 0x00000000c6000000|  0%| F|  |TAMS 0x00000000c5f00000| PB 0x00000000c5f00000| Untracked 
|  46|0x00000000c6000000, 0x00000000c6000000, 0x00000000c6100000|  0%| F|  |TAMS 0x00000000c6000000| PB 0x00000000c6000000| Untracked 
|  47|0x00000000c6100000, 0x00000000c6100000, 0x00000000c6200000|  0%| F|  |TAMS 0x00000000c6100000| PB 0x00000000c6100000| Untracked 
|  48|0x00000000c6200000, 0x00000000c6200000, 0x00000000c6300000|  0%| F|  |TAMS 0x00000000c6200000| PB 0x00000000c6200000| Untracked 
|  49|0x00000000c6300000, 0x00000000c6300000, 0x00000000c6400000|  0%| F|  |TAMS 0x00000000c6300000| PB 0x00000000c6300000| Untracked 
|  50|0x00000000c6400000, 0x00000000c6400000, 0x00000000c6500000|  0%| F|  |TAMS 0x00000000c6400000| PB 0x00000000c6400000| Untracked 
|  51|0x00000000c6500000, 0x00000000c6500000, 0x00000000c6600000|  0%| F|  |TAMS 0x00000000c6500000| PB 0x00000000c6500000| Untracked 
|  52|0x00000000c6600000, 0x00000000c6600000, 0x00000000c6700000|  0%| F|  |TAMS 0x00000000c6600000| PB 0x00000000c6600000| Untracked 
|  53|0x00000000c6700000, 0x00000000c6700000, 0x00000000c6800000|  0%| F|  |TAMS 0x00000000c6700000| PB 0x00000000c6700000| Untracked 
|  54|0x00000000c6800000, 0x00000000c6800000, 0x00000000c6900000|  0%| F|  |TAMS 0x00000000c6800000| PB 0x00000000c6800000| Untracked 
|  55|0x00000000c6900000, 0x00000000c6900000, 0x00000000c6a00000|  0%| F|  |TAMS 0x00000000c6900000| PB 0x00000000c6900000| Untracked 
|  56|0x00000000c6a00000, 0x00000000c6b00000, 0x00000000c6b00000|100%| E|  |TAMS 0x00000000c6a00000| PB 0x00000000c6a00000| Complete 
|  57|0x00000000c6b00000, 0x00000000c6c00000, 0x00000000c6c00000|100%| E|CS|TAMS 0x00000000c6b00000| PB 0x00000000c6b00000| Complete 
|  58|0x00000000c6c00000, 0x00000000c6d00000, 0x00000000c6d00000|100%| E|CS|TAMS 0x00000000c6c00000| PB 0x00000000c6c00000| Complete 
|  59|0x00000000c6d00000, 0x00000000c6e00000, 0x00000000c6e00000|100%| E|CS|TAMS 0x00000000c6d00000| PB 0x00000000c6d00000| Complete 
|  60|0x00000000c6e00000, 0x00000000c6f00000, 0x00000000c6f00000|100%| E|CS|TAMS 0x00000000c6e00000| PB 0x00000000c6e00000| Complete 
|  61|0x00000000c6f00000, 0x00000000c7000000, 0x00000000c7000000|100%| E|CS|TAMS 0x00000000c6f00000| PB 0x00000000c6f00000| Complete 

Card table byte_map: [0x00000183e4d10000,0x00000183e4f00000] _byte_map_base: 0x00000183e46f7000

Marking Bits: (CMBitMap*) 0x00000183cbcb2f10
 Bits: [0x00000183e50f0000, 0x00000183e6028000)

Polling page: 0x00000183cbd30000

Metaspace:

Usage:
  Non-class:     11.52 MB used.
      Class:      1.58 MB used.
       Both:     13.10 MB used.

Virtual space:
  Non-class space:       64.00 MB reserved,      11.69 MB ( 18%) committed,  1 nodes.
      Class space:        1.00 GB reserved,       1.69 MB ( <1%) committed,  1 nodes.
             Both:        1.06 GB reserved,      13.38 MB (  1%) committed. 

Chunk freelists:
   Non-Class:  3.28 MB
       Class:  2.36 MB
        Both:  5.64 MB

MaxMetaspaceSize: unlimited
CompressedClassSpaceSize: 1.00 GB
Initial GC threshold: 21.00 MB
Current GC threshold: 21.00 MB
CDS: on
MetaspaceReclaimPolicy: balanced
 - commit_granule_bytes: 65536.
 - commit_granule_words: 8192.
 - virtual_space_node_default_size: 8388608.
 - enlarge_chunks_in_place: 1.
 - new_chunks_are_fully_committed: 0.
 - uncommit_free_chunks: 1.
 - use_allocation_guard: 0.


Internal statistics:

num_allocs_failed_limit: 0.
num_arena_births: 134.
num_arena_deaths: 0.
num_vsnodes_births: 2.
num_vsnodes_deaths: 0.
num_space_committed: 214.
num_space_uncommitted: 0.
num_chunks_returned_to_freelist: 0.
num_chunks_taken_from_freelist: 570.
num_chunk_merges: 0.
num_chunk_splits: 406.
num_chunks_enlarged: 340.
num_inconsistent_stats: 0.

CodeHeap 'non-profiled nmethods': size=120000Kb used=916Kb max_used=916Kb free=119084Kb
 bounds [0x00000183dcfc0000, 0x00000183dd230000, 0x00000183e44f0000]
CodeHeap 'profiled nmethods': size=120000Kb used=5321Kb max_used=5321Kb free=114678Kb
 bounds [0x00000183d54f0000, 0x00000183d5a30000, 0x00000183dca20000]
CodeHeap 'non-nmethods': size=5760Kb used=1547Kb max_used=1560Kb free=4212Kb
 bounds [0x00000183dca20000, 0x00000183dcc90000, 0x00000183dcfc0000]
 total_blobs=3213 nmethods=2741 adapters=382
 compilation: enabled
              stopped_count=0, restarted_count=0
 full_count=0

Compilation events (20 events):
Event: 4.790 Thread 0x00000183e85fc0d0 nmethod 2715 0x00000183dd0a1f90 code [0x00000183dd0a2100, 0x00000183dd0a2250]
Event: 4.796 Thread 0x00000183e85feaa0 2716       3       java.util.regex.Pattern$$Lambda$8/0x0000000801050998::is (5 bytes)
Event: 4.796 Thread 0x00000183e85fc0d0 2718       4       java.util.regex.Pattern::lambda$negate$7 (16 bytes)
Event: 4.796 Thread 0x00000183e85feaa0 nmethod 2716 0x00000183d5a19a10 code [0x00000183d5a19ba0, 0x00000183d5a19e20]
Event: 4.796 Thread 0x00000183e85feaa0 2717       3       java.util.regex.Pattern::lambda$DOT$11 (34 bytes)
Event: 4.796 Thread 0x00000183e85feaa0 nmethod 2717 0x00000183d5a19f10 code [0x00000183d5a1a0a0, 0x00000183d5a1a2a0]
Event: 4.798 Thread 0x00000183e85fc0d0 nmethod 2718 0x00000183dd0a2290 code [0x00000183dd0a2420, 0x00000183dd0a2698]
Event: 4.798 Thread 0x00000183e85feaa0 2719       3       java.lang.String::codePointAt (50 bytes)
Event: 4.798 Thread 0x00000183e85fc0d0 2720       4       java.lang.Character::charCount (12 bytes)
Event: 4.799 Thread 0x00000183e85fc0d0 nmethod 2720 0x00000183dd0a2990 code [0x00000183dd0a2b00, 0x00000183dd0a2b80]
Event: 4.799 Thread 0x00000183e85feaa0 nmethod 2719 0x00000183d5a1a310 code [0x00000183d5a1a4e0, 0x00000183d5a1a948]
Event: 4.799 Thread 0x00000183e85feaa0 2721       1       org.apache.commons.cli.Option::getLongOpt (5 bytes)
Event: 4.799 Thread 0x00000183e85feaa0 nmethod 2721 0x00000183dd0a2c90 code [0x00000183dd0a2e00, 0x00000183dd0a2ec8]
Event: 4.799 Thread 0x00000183e85feaa0 2722       1       org.apache.commons.cli.Option::getOpt (5 bytes)
Event: 4.799 Thread 0x00000183e85feaa0 nmethod 2722 0x00000183dd0a2f90 code [0x00000183dd0a3100, 0x00000183dd0a31c8]
Event: 4.804 Thread 0x00000183e85fc0d0 2723       4       java.util.concurrent.ConcurrentHashMap::get (162 bytes)
Event: 4.806 Thread 0x00000183e85fc0d0 nmethod 2723 0x00000183dd0a3290 code [0x00000183dd0a3420, 0x00000183dd0a36e8]
Event: 4.806 Thread 0x00000183e85fc0d0 2724       4       java.lang.String::<init> (99 bytes)
Event: 4.810 Thread 0x00000183e85fc0d0 nmethod 2724 0x00000183dd0a3990 code [0x00000183dd0a3b20, 0x00000183dd0a3fc8]
Event: 4.814 Thread 0x00000183e85fc0d0 2725   !   4       java.net.URL::<init> (543 bytes)

GC Heap History (6 events):
Event: 0.519 GC heap before
{Heap before GC invocations=0 (full 0):
 garbage-first heap   total 63488K, used 13312K [0x00000000c3200000, 0x0000000100000000)
  region size 1024K, 13 young (13312K), 0 survivors (0K)
 Metaspace       used 3632K, committed 3776K, reserved 1114112K
  class space    used 372K, committed 448K, reserved 1048576K
}
Event: 0.524 GC heap after
{Heap after GC invocations=1 (full 0):
 garbage-first heap   total 63488K, used 3232K [0x00000000c3200000, 0x0000000100000000)
  region size 1024K, 2 young (2048K), 2 survivors (2048K)
 Metaspace       used 3632K, committed 3776K, reserved 1114112K
  class space    used 372K, committed 448K, reserved 1048576K
}
Event: 0.938 GC heap before
{Heap before GC invocations=1 (full 0):
 garbage-first heap   total 63488K, used 18592K [0x00000000c3200000, 0x0000000100000000)
  region size 1024K, 17 young (17408K), 2 survivors (2048K)
 Metaspace       used 5848K, committed 6016K, reserved 1114112K
  class space    used 670K, committed 768K, reserved 1048576K
}
Event: 0.942 GC heap after
{Heap after GC invocations=2 (full 0):
 garbage-first heap   total 63488K, used 4270K [0x00000000c3200000, 0x0000000100000000)
  region size 1024K, 1 young (1024K), 1 survivors (1024K)
 Metaspace       used 5848K, committed 6016K, reserved 1114112K
  class space    used 670K, committed 768K, reserved 1048576K
}
Event: 4.519 GC heap before
{Heap before GC invocations=2 (full 0):
 garbage-first heap   total 63488K, used 40110K [0x00000000c3200000, 0x0000000100000000)
  region size 1024K, 37 young (37888K), 1 survivors (1024K)
 Metaspace       used 12115K, committed 12352K, reserved 1114112K
  class space    used 1469K, committed 1600K, reserved 1048576K
}
Event: 4.527 GC heap after
{Heap after GC invocations=3 (full 0):
 garbage-first heap   total 63488K, used 6902K [0x00000000c3200000, 0x0000000100000000)
  region size 1024K, 4 young (4096K), 4 survivors (4096K)
 Metaspace       used 12115K, committed 12352K, reserved 1114112K
  class space    used 1469K, committed 1600K, reserved 1048576K
}

Dll operation events (8 events):
Event: 0.014 Loaded shared library C:\Program Files\Java\jdk-20\bin\java.dll
Event: 0.023 Loaded shared library C:\Program Files\Java\jdk-20\bin\jsvml.dll
Event: 0.071 Loaded shared library C:\Program Files\Java\jdk-20\bin\net.dll
Event: 0.077 Loaded shared library C:\Program Files\Java\jdk-20\bin\nio.dll
Event: 0.083 Loaded shared library C:\Program Files\Java\jdk-20\bin\zip.dll
Event: 0.247 Loaded shared library C:\Program Files\Java\jdk-20\bin\jimage.dll
Event: 0.273 Loaded shared library C:\Program Files\NetBeans-18\netbeans\java\maven\lib\jansi-native\Windows\x86_64\jansi.dll
Event: 0.284 Loaded shared library C:\Program Files\Java\jdk-20\bin\verify.dll

Deoptimization events (20 events):
Event: 4.765 Thread 0x00000183cbc73c50 Uncommon trap: trap_request=0xffffffde fr.pc=0x00000183dd0296d4 relative=0x0000000000000134
Event: 4.765 Thread 0x00000183cbc73c50 Uncommon trap: reason=class_check action=maybe_recompile pc=0x00000183dd0296d4 method=java.util.regex.Pattern.lambda$negate$7(Ljava/util/regex/Pattern$CharPredicate;I)Z @ 2 c2
Event: 4.765 Thread 0x00000183cbc73c50 DEOPT PACKING pc=0x00000183dd0296d4 sp=0x000000683f2fdd50
Event: 4.765 Thread 0x00000183cbc73c50 DEOPT UNPACKING pc=0x00000183dca3d2a2 sp=0x000000683f2fdc70 mode 2
Event: 4.765 Thread 0x00000183cbc73c50 Uncommon trap: trap_request=0xffffff45 fr.pc=0x00000183dd02ad18 relative=0x0000000000000098
Event: 4.765 Thread 0x00000183cbc73c50 Uncommon trap: reason=unstable_if action=reinterpret pc=0x00000183dd02ad18 method=java.util.regex.Pattern$BitClass.is(I)Z @ 13 c2
Event: 4.765 Thread 0x00000183cbc73c50 DEOPT PACKING pc=0x00000183dd02ad18 sp=0x000000683f2fdc70
Event: 4.765 Thread 0x00000183cbc73c50 DEOPT UNPACKING pc=0x00000183dca3d2a2 sp=0x000000683f2fdc10 mode 2
Event: 4.771 Thread 0x00000183cbc73c50 Uncommon trap: trap_request=0xffffff45 fr.pc=0x00000183dd011d30 relative=0x0000000000002210
Event: 4.771 Thread 0x00000183cbc73c50 Uncommon trap: reason=unstable_if action=reinterpret pc=0x00000183dd011d30 method=sun.nio.cs.StreamDecoder.implRead([CII)I @ 36 c2
Event: 4.771 Thread 0x00000183cbc73c50 DEOPT PACKING pc=0x00000183dd011d30 sp=0x000000683f2fe1c0
Event: 4.771 Thread 0x00000183cbc73c50 DEOPT UNPACKING pc=0x00000183dca3d2a2 sp=0x000000683f2fe088 mode 2
Event: 4.771 Thread 0x00000183cbc73c50 Uncommon trap: trap_request=0xffffff45 fr.pc=0x00000183dd0169bc relative=0x000000000000081c
Event: 4.771 Thread 0x00000183cbc73c50 Uncommon trap: reason=unstable_if action=reinterpret pc=0x00000183dd0169bc method=sun.nio.cs.StreamDecoder.implRead([CII)I @ 36 c2
Event: 4.771 Thread 0x00000183cbc73c50 DEOPT PACKING pc=0x00000183dd0169bc sp=0x000000683f2fe1f0
Event: 4.771 Thread 0x00000183cbc73c50 DEOPT UNPACKING pc=0x00000183dca3d2a2 sp=0x000000683f2fe1b0 mode 2
Event: 4.771 Thread 0x00000183cbc73c50 Uncommon trap: trap_request=0x000000e1 fr.pc=0x00000183dd015d50 relative=0x00000000000000d0
Event: 4.771 Thread 0x00000183cbc73c50 Uncommon trap: reason=unloaded action=reinterpret pc=0x00000183dd015d50 method=org.codehaus.plexus.util.xml.pull.MXParser.more()C @ 22 c2
Event: 4.771 Thread 0x00000183cbc73c50 DEOPT PACKING pc=0x00000183dd015d50 sp=0x000000683f2fe4b0
Event: 4.771 Thread 0x00000183cbc73c50 DEOPT UNPACKING pc=0x00000183dca3d2a2 sp=0x000000683f2fe450 mode 2

Classes loaded (20 events):
Event: 4.567 Loading class java/security/DrbgParameters$Capability
Event: 4.567 Loading class java/security/DrbgParameters$Capability done
Event: 4.567 Loading class sun/security/provider/MoreDrbgParameters
Event: 4.567 Loading class sun/security/provider/MoreDrbgParameters done
Event: 4.567 Loading class java/security/DrbgParameters
Event: 4.567 Loading class java/security/DrbgParameters done
Event: 4.567 Loading class java/security/DrbgParameters$Instantiation
Event: 4.567 Loading class java/security/DrbgParameters$Instantiation done
Event: 4.567 Loading class sun/security/provider/HashDrbg
Event: 4.567 Loading class sun/security/provider/AbstractHashDrbg
Event: 4.568 Loading class sun/security/provider/AbstractDrbg
Event: 4.568 Loading class sun/security/provider/AbstractDrbg done
Event: 4.568 Loading class sun/security/provider/AbstractHashDrbg done
Event: 4.568 Loading class sun/security/provider/HashDrbg done
Event: 4.568 Loading class sun/security/provider/EntropySource
Event: 4.568 Loading class sun/security/provider/EntropySource done
Event: 4.786 Loading class java/lang/ProcessEnvironment$CheckedKeySet
Event: 4.787 Loading class java/lang/ProcessEnvironment$CheckedKeySet done
Event: 4.788 Loading class java/util/Stack
Event: 4.788 Loading class java/util/Stack done

Classes unloaded (0 events):
No events

Classes redefined (0 events):
No events

Internal exceptions (20 events):
Event: 0.549 Thread 0x00000183cbc73c50 Exception <a 'java/lang/NoSuchMethodError'{0x00000000c6e2d880}: 'java.lang.Object java.lang.invoke.Invokers$Holder.invokeExact_MT(java.lang.Object, java.lang.Object, java.lang.Object, java.lang.Object, java.lang.Object, java.lang.Object)'> (0x00000000c6e2d880) 
thrown [s\open\src\hotspot\share\interpreter\linkResolver.cpp, line 773]
Event: 0.551 Thread 0x00000183cbc73c50 Exception <a 'java/lang/NoSuchMethodError'{0x00000000c6e41688}: 'int java.lang.invoke.DirectMethodHandle$Holder.invokeSpecialIFC(java.lang.Object, java.lang.Object, java.lang.Object, java.lang.Object, java.lang.Object)'> (0x00000000c6e41688) 
thrown [s\open\src\hotspot\share\interpreter\linkResolver.cpp, line 773]
Event: 0.583 Thread 0x00000183cbc73c50 Exception <a 'java/lang/NoSuchMethodError'{0x00000000c6dba270}: 'java.lang.Object java.lang.invoke.DirectMethodHandle$Holder.newInvokeSpecial(java.lang.Object, java.lang.Object, java.lang.Object, java.lang.Object, java.lang.Object)'> (0x00000000c6dba270) 
thrown [s\open\src\hotspot\share\interpreter\linkResolver.cpp, line 773]
Event: 0.612 Thread 0x00000183cbc73c50 Exception <a 'java/lang/NoSuchMethodError'{0x00000000c6cb2a60}: 'int java.lang.invoke.DirectMethodHandle$Holder.invokeStaticInit(java.lang.Object, java.lang.Object)'> (0x00000000c6cb2a60) 
thrown [s\open\src\hotspot\share\interpreter\linkResolver.cpp, line 773]
Event: 0.618 Thread 0x00000183cbc73c50 Exception <a 'java/lang/NoClassDefFoundError'{0x00000000c6ce95a0}: javax/enterprise/inject/Typed> (0x00000000c6ce95a0) 
thrown [s\open\src\hotspot\share\classfile\systemDictionary.cpp, line 294]
Event: 2.934 Thread 0x00000183cbc73c50 Exception <a 'java/lang/NoSuchMethodError'{0x00000000c57fcc08}: 'void java.lang.invoke.DirectMethodHandle$Holder.invokeStatic(java.lang.Object, java.lang.Object, java.lang.Object)'> (0x00000000c57fcc08) 
thrown [s\open\src\hotspot\share\interpreter\linkResolver.cpp, line 773]
Event: 2.935 Thread 0x00000183cbc73c50 Exception <a 'java/lang/NoSuchMethodError'{0x00000000c56002c0}: 'void java.lang.invoke.DirectMethodHandle$Holder.invokeStaticInit(java.lang.Object, java.lang.Object, java.lang.Object)'> (0x00000000c56002c0) 
thrown [s\open\src\hotspot\share\interpreter\linkResolver.cpp, line 773]
Event: 3.077 Thread 0x00000183cbc73c50 Exception <a 'java/lang/ExceptionInInitializerError'{0x00000000c56298c8}> (0x00000000c56298c8) 
thrown [s\open\src\hotspot\share\oops\instanceKlass.cpp, line 1160]
Event: 3.262 Thread 0x00000183cbc73c50 Exception <a 'java/lang/NoSuchMethodError'{0x00000000c5536c40}: 'long java.lang.invoke.DirectMethodHandle$Holder.invokeStatic(java.lang.Object, java.lang.Object, int)'> (0x00000000c5536c40) 
thrown [s\open\src\hotspot\share\interpreter\linkResolver.cpp, line 773]
Event: 3.265 Thread 0x00000183cbc73c50 Exception <a 'java/lang/NoSuchMethodError'{0x00000000c5549cd8}: 'java.lang.Object java.lang.invoke.DirectMethodHandle$Holder.invokeStatic(java.lang.Object, java.lang.Object, java.lang.Object, java.lang.Object, int)'> (0x00000000c5549cd8) 
thrown [s\open\src\hotspot\share\interpreter\linkResolver.cpp, line 773]
Event: 3.266 Thread 0x00000183cbc73c50 Exception <a 'java/lang/NoSuchMethodError'{0x00000000c5551bf0}: 'java.lang.Object java.lang.invoke.DirectMethodHandle$Holder.invokeSpecial(java.lang.Object, java.lang.Object, java.lang.Object, java.lang.Object, long)'> (0x00000000c5551bf0) 
thrown [s\open\src\hotspot\share\interpreter\linkResolver.cpp, line 773]
Event: 3.268 Thread 0x00000183cbc73c50 Exception <a 'java/lang/NoSuchMethodError'{0x00000000c555d9f0}: 'java.lang.Object java.lang.invoke.DirectMethodHandle$Holder.invokeSpecial(java.lang.Object, java.lang.Object, java.lang.Object, int, java.lang.Object)'> (0x00000000c555d9f0) 
thrown [s\open\src\hotspot\share\interpreter\linkResolver.cpp, line 773]
Event: 3.269 Thread 0x00000183cbc73c50 Exception <a 'java/lang/NoSuchMethodError'{0x00000000c5565b10}: 'int java.lang.invoke.DirectMethodHandle$Holder.invokeSpecial(java.lang.Object, java.lang.Object, java.lang.Object, int)'> (0x00000000c5565b10) 
thrown [s\open\src\hotspot\share\interpreter\linkResolver.cpp, line 773]
Event: 3.314 Thread 0x00000183cbc73c50 Implicit null exception at 0x00000183dd02bb1d to 0x00000183dd02bc7c
Event: 3.316 Thread 0x00000183cbc73c50 Exception <a 'java/lang/NoSuchMethodError'{0x00000000c558a788}: 'java.lang.Object java.lang.invoke.Invokers$Holder.invokeExact_MT(java.lang.Object, int, java.lang.Object)'> (0x00000000c558a788) 
thrown [s\open\src\hotspot\share\interpreter\linkResolver.cpp, line 773]
Event: 3.364 Thread 0x00000183cbc73c50 Exception <a 'java/lang/NoSuchMethodError'{0x00000000c5413178}: 'void java.lang.invoke.DirectMethodHandle$Holder.invokeStatic(java.lang.Object, java.lang.Object)'> (0x00000000c5413178) 
thrown [s\open\src\hotspot\share\interpreter\linkResolver.cpp, line 773]
Event: 4.430 Thread 0x00000183cbc73c50 Exception <a 'java/lang/NoSuchMethodError'{0x00000000c4d60ae0}: 'void java.lang.invoke.Invokers$Holder.invokeExact_MT(java.lang.Object, java.lang.Object, java.lang.Object, java.lang.Object)'> (0x00000000c4d60ae0) 
thrown [s\open\src\hotspot\share\interpreter\linkResolver.cpp, line 773]
Event: 4.450 Thread 0x00000183cbc73c50 Exception <a 'java/lang/NoClassDefFoundError'{0x00000000c4dee870}: com/google/inject/servlet/ServletModuleTargetVisitor> (0x00000000c4dee870) 
thrown [s\open\src\hotspot\share\classfile\systemDictionary.cpp, line 294]
Event: 4.542 Thread 0x00000183cbc73c50 Exception <a 'java/lang/NoSuchMethodError'{0x00000000c6fd32b0}: 'void java.lang.invoke.DirectMethodHandle$Holder.invokeVirtual(java.lang.Object, java.lang.Object)'> (0x00000000c6fd32b0) 
thrown [s\open\src\hotspot\share\interpreter\linkResolver.cpp, line 773]
Event: 4.569 Thread 0x00000183cbc73c50 Exception <a 'java/lang/NoSuchMethodError'{0x00000000c6e624b0}: 'java.lang.Object java.lang.invoke.DirectMethodHandle$Holder.invokeStaticInit(java.lang.Object, int, int, int, int)'> (0x00000000c6e624b0) 
thrown [s\open\src\hotspot\share\interpreter\linkResolver.cpp, line 773]

VM Operations (20 events):
Event: 3.130 Executing VM operation: HandshakeAllThreads
Event: 3.130 Executing VM operation: HandshakeAllThreads done
Event: 3.706 Executing VM operation: HandshakeAllThreads
Event: 3.706 Executing VM operation: HandshakeAllThreads done
Event: 3.706 Executing VM operation: Cleanup
Event: 3.706 Executing VM operation: Cleanup done
Event: 3.805 Executing VM operation: HandshakeAllThreads
Event: 3.805 Executing VM operation: HandshakeAllThreads done
Event: 4.170 Executing VM operation: HandshakeAllThreads
Event: 4.171 Executing VM operation: HandshakeAllThreads done
Event: 4.423 Executing VM operation: HandshakeAllThreads
Event: 4.423 Executing VM operation: HandshakeAllThreads done
Event: 4.519 Executing VM operation: G1CollectForAllocation
Event: 4.527 Executing VM operation: G1CollectForAllocation done
Event: 4.554 Executing VM operation: HandshakeAllThreads
Event: 4.554 Executing VM operation: HandshakeAllThreads done
Event: 4.660 Executing VM operation: HandshakeAllThreads
Event: 4.660 Executing VM operation: HandshakeAllThreads done
Event: 4.773 Executing VM operation: HandshakeAllThreads
Event: 4.773 Executing VM operation: HandshakeAllThreads done

Events (11 events):
Event: 0.024 Thread 0x00000183cbc73c50 Thread added: 0x00000183cbc73c50
Event: 0.037 Thread 0x00000183e85f3000 Thread added: 0x00000183e85f3000
Event: 0.037 Thread 0x00000183e85f52a0 Thread added: 0x00000183e85f52a0
Event: 0.037 Thread 0x00000183e85f84d0 Thread added: 0x00000183e85f84d0
Event: 0.037 Thread 0x00000183e85f9f10 Thread added: 0x00000183e85f9f10
Event: 0.037 Thread 0x00000183e85fa940 Thread added: 0x00000183e85fa940
Event: 0.037 Thread 0x00000183e85fb370 Thread added: 0x00000183e85fb370
Event: 0.038 Thread 0x00000183e85fc0d0 Thread added: 0x00000183e85fc0d0
Event: 0.038 Thread 0x00000183e85feaa0 Thread added: 0x00000183e85feaa0
Event: 0.063 Thread 0x00000183ec891dc0 Thread added: 0x00000183ec891dc0
Event: 0.066 Thread 0x00000183ec8a0c10 Thread added: 0x00000183ec8a0c10


Dynamic libraries:
0x00007ff700090000 - 0x00007ff7000a0000 	C:\Program Files\Java\jdk-20\bin\java.exe
0x00007ffa6c130000 - 0x00007ffa6c348000 	C:\WINDOWS\SYSTEM32\ntdll.dll
0x00007ffa6a740000 - 0x00007ffa6a804000 	C:\WINDOWS\System32\KERNEL32.DLL
0x00007ffa69610000 - 0x00007ffa699e3000 	C:\WINDOWS\System32\KERNELBASE.dll
0x00007ffa69a20000 - 0x00007ffa69b31000 	C:\WINDOWS\System32\ucrtbase.dll
0x00007ffa60d60000 - 0x00007ffa60d7b000 	C:\Program Files\Java\jdk-20\bin\VCRUNTIME140.dll
0x00007ffa60530000 - 0x00007ffa60549000 	C:\Program Files\Java\jdk-20\bin\jli.dll
0x00007ffa6b8d0000 - 0x00007ffa6b981000 	C:\WINDOWS\System32\ADVAPI32.dll
0x00007ffa6a170000 - 0x00007ffa6a217000 	C:\WINDOWS\System32\msvcrt.dll
0x00007ffa6ba30000 - 0x00007ffa6bad8000 	C:\WINDOWS\System32\sechost.dll
0x00007ffa695e0000 - 0x00007ffa69608000 	C:\WINDOWS\System32\bcrypt.dll
0x00007ffa6a340000 - 0x00007ffa6a458000 	C:\WINDOWS\System32\RPCRT4.dll
0x00007ffa6a460000 - 0x00007ffa6a612000 	C:\WINDOWS\System32\USER32.dll
0x00007ffa699f0000 - 0x00007ffa69a16000 	C:\WINDOWS\System32\win32u.dll
0x00007ffa6a300000 - 0x00007ffa6a329000 	C:\WINDOWS\System32\GDI32.dll
0x00007ffa69cb0000 - 0x00007ffa69dcb000 	C:\WINDOWS\System32\gdi32full.dll
0x00007ffa69400000 - 0x00007ffa6949a000 	C:\WINDOWS\System32\msvcp_win.dll
0x00007ffa55d90000 - 0x00007ffa5602c000 	C:\WINDOWS\WinSxS\amd64_microsoft.windows.common-controls_6595b64144ccf1df_6.0.22621.6060_none_2712eda17382d24b\COMCTL32.dll
0x00007ffa598f0000 - 0x00007ffa598fa000 	C:\WINDOWS\SYSTEM32\VERSION.dll
0x00007ffa6bbf0000 - 0x00007ffa6bc21000 	C:\WINDOWS\System32\IMM32.DLL
0x00007ffa66480000 - 0x00007ffa6648c000 	C:\Program Files\Java\jdk-20\bin\vcruntime140_1.dll
0x00007ffa4cc00000 - 0x00007ffa4cc8e000 	C:\Program Files\Java\jdk-20\bin\msvcp140.dll
0x00007ffa423d0000 - 0x00007ffa43067000 	C:\Program Files\Java\jdk-20\bin\server\jvm.dll
0x00007ffa623d0000 - 0x00007ffa62404000 	C:\WINDOWS\SYSTEM32\WINMM.dll
0x00007ffa65db0000 - 0x00007ffa65db9000 	C:\WINDOWS\SYSTEM32\WSOCK32.dll
0x00007ffa6bb70000 - 0x00007ffa6bbe1000 	C:\WINDOWS\System32\WS2_32.dll
0x00007ffa68220000 - 0x00007ffa68238000 	C:\WINDOWS\SYSTEM32\kernel.appcore.dll
0x00007ffa65c70000 - 0x00007ffa65c7a000 	C:\Program Files\Java\jdk-20\bin\jimage.dll
0x00007ffa620b0000 - 0x00007ffa622e3000 	C:\WINDOWS\SYSTEM32\DBGHELP.DLL
0x00007ffa69dd0000 - 0x00007ffa6a161000 	C:\WINDOWS\System32\combase.dll
0x00007ffa6a9c0000 - 0x00007ffa6aa98000 	C:\WINDOWS\System32\OLEAUT32.dll
0x00007ffa62390000 - 0x00007ffa623c2000 	C:\WINDOWS\SYSTEM32\dbgcore.DLL
0x00007ffa69240000 - 0x00007ffa692bb000 	C:\WINDOWS\System32\bcryptPrimitives.dll
0x00007ffa5fcc0000 - 0x00007ffa5fce6000 	C:\Program Files\Java\jdk-20\bin\java.dll
0x00007ffa433d0000 - 0x00007ffa434a7000 	C:\Program Files\Java\jdk-20\bin\jsvml.dll
0x00007ffa6aaa0000 - 0x00007ffa6b33c000 	C:\WINDOWS\System32\SHELL32.dll
0x00007ffa692c0000 - 0x00007ffa693ff000 	C:\WINDOWS\System32\wintypes.dll
0x00007ffa67140000 - 0x00007ffa67a5a000 	C:\WINDOWS\SYSTEM32\windows.storage.dll
0x00007ffa6bc30000 - 0x00007ffa6bd34000 	C:\WINDOWS\System32\SHCORE.dll
0x00007ffa6a220000 - 0x00007ffa6a289000 	C:\WINDOWS\System32\shlwapi.dll
0x00007ffa69170000 - 0x00007ffa69195000 	C:\WINDOWS\SYSTEM32\profapi.dll
0x00007ffa604f0000 - 0x00007ffa60503000 	C:\Program Files\Java\jdk-20\bin\net.dll
0x00007ffa60ec0000 - 0x00007ffa60fec000 	C:\WINDOWS\SYSTEM32\WINHTTP.dll
0x00007ffa68700000 - 0x00007ffa68769000 	C:\WINDOWS\system32\mswsock.dll
0x00007ffa60440000 - 0x00007ffa60456000 	C:\Program Files\Java\jdk-20\bin\nio.dll
0x00007ffa5fc40000 - 0x00007ffa5fc58000 	C:\Program Files\Java\jdk-20\bin\zip.dll
0x0000000069ac0000 - 0x0000000069ae4000 	C:\Program Files\NetBeans-18\netbeans\java\maven\lib\jansi-native\Windows\x86_64\jansi.dll
0x00007ffa637f0000 - 0x00007ffa63800000 	C:\Program Files\Java\jdk-20\bin\verify.dll

dbghelp: loaded successfully - version: 4.0.5 - missing functions: none
symbol engine: initialized successfully - sym options: 0x614 - pdb path: .;C:\Program Files\Java\jdk-20\bin;C:\WINDOWS\SYSTEM32;C:\WINDOWS\WinSxS\amd64_microsoft.windows.common-controls_6595b64144ccf1df_6.0.22621.6060_none_2712eda17382d24b;C:\Program Files\Java\jdk-20\bin\server;C:\Program Files\NetBeans-18\netbeans\java\maven\lib\jansi-native\Windows\x86_64

VM Arguments:
jvm_args: -Dclassworlds.conf=C:\Program Files\NetBeans-18\netbeans\java\maven\bin\m2.conf -Dmaven.home=C:\Program Files\NetBeans-18\netbeans\java\maven -Dlibrary.jansi.path=C:\Program Files\NetBeans-18\netbeans\java\maven\lib\jansi-native -Dmaven.multiModuleProjectDirectory=C:\Users\annia\Documents\NetBeansProjects\ConvertisseurDOC 
java_command: org.codehaus.plexus.classworlds.launcher.Launcher -Dnetbeans.deploy=true -Dexec.vmArgs= -Dexec.appArgs= -Dmaven.ext.class.path=C:\Program Files\NetBeans-18\netbeans\java\maven-nblib\netbeans-eventspy.jar --no-transfer-progress package
java_class_path (initial): C:\Program Files\NetBeans-18\netbeans\java\maven\boot\plexus-classworlds-2.6.0.jar
Launcher Type: SUN_STANDARD

[Global flags]
     intx CICompilerCount                          = 3                                         {product} {ergonomic}
     uint ConcGCThreads                            = 1                                         {product} {ergonomic}
     uint G1ConcRefinementThreads                  = 4                                         {product} {ergonomic}
   size_t G1HeapRegionSize                         = 1048576                                   {product} {ergonomic}
    uintx GCDrainStackTargetSize                   = 64                                        {product} {ergonomic}
   size_t InitialHeapSize                          = 65011712                                  {product} {ergonomic}
   size_t MarkStackSize                            = 4194304                                   {product} {ergonomic}
   size_t MaxHeapSize                              = 1021313024                                {product} {ergonomic}
   size_t MaxNewSize                               = 612368384                                 {product} {ergonomic}
   size_t MinHeapDeltaBytes                        = 1048576                                   {product} {ergonomic}
   size_t MinHeapSize                              = 8388608                                   {product} {ergonomic}
    uintx NonNMethodCodeHeapSize                   = 5832780                                {pd product} {ergonomic}
    uintx NonProfiledCodeHeapSize                  = 122912730                              {pd product} {ergonomic}
    uintx ProfiledCodeHeapSize                     = 122912730                              {pd product} {ergonomic}
    uintx ReservedCodeCacheSize                    = 251658240                              {pd product} {ergonomic}
     bool SegmentedCodeCache                       = true                                      {product} {ergonomic}
   size_t SoftMaxHeapSize                          = 1021313024                             {manageable} {ergonomic}
     bool UseCompressedClassPointers               = true                           {product lp64_product} {ergonomic}
     bool UseCompressedOops                        = true                           {product lp64_product} {ergonomic}
     bool UseG1GC                                  = true                                      {product} {ergonomic}
     bool UseLargePagesIndividualAllocation        = false                                  {pd product} {ergonomic}

Logging:
Log output configuration:
 #0: stdout all=warning uptime,level,tags foldmultilines=false
 #1: stderr all=off uptime,level,tags foldmultilines=false

Environment Variables:
JAVA_HOME=C:\Program Files\Java\jdk-20
PATH=C:\oracle\product\10.2.0\db_3\bin;C:\oracle\product\10.2.0\db_2\bin;C:\Program Files\Common Files\Oracle\Java\javapath;C:\WINDOWS\system32;C:\WINDOWS;C:\WINDOWS\System32\Wbem;C:\WINDOWS\System32\WindowsPowerShell\v1.0\;C:\WINDOWS\System32\OpenSSH\;C:\Program Files\Java\jdk-19\bin\;C:\Program Files\nodejs\;C:\Program Files\Git\cmd;C:\Users\annia\AppData\Local\Microsoft\WindowsApps;C:\Users\annia\AppData\Local\Programs\Microsoft VS Code\bin;C:\Program Files\JetBrains\IntelliJ IDEA 2024.3.3\bin;;C:\Program Files\JetBrains\IntelliJ IDEA Community Edition 2024.3.3\bin;;C:\Users\annia\AppData\Roaming\npm;C:\Users\annia\AppData\Local\GitHubDesktop\bin;C:\ProgramData\annia\GitHubDesktop\bin
USERNAME=annia
OS=Windows_NT
PROCESSOR_IDENTIFIER=Intel64 Family 6 Model 140 Stepping 1, GenuineIntel
TMP=C:\Users\annia\AppData\Local\Temp
TEMP=C:\Users\annia\AppData\Local\Temp




---------------  S Y S T E M  ---------------

OS:
 Windows 11 , 64 bit Build 22621 (10.0.22621.5415)
OS uptime: 16 days 2:39 hours

CPU: total 4 (initial active 4) (2 cores per cpu, 2 threads per core) family 6 model 140 stepping 1 microcode 0x8a, cx8, cmov, fxsr, ht, mmx, 3dnowpref, sse, sse2, sse3, ssse3, sse4.1, sse4.2, popcnt, lzcnt, tsc, tscinvbit, avx, avx2, aes, erms, clmul, bmi1, bmi2, adx, avx512f, avx512dq, avx512cd, avx512bw, avx512vl, sha, fma, vzeroupper, avx512_vpopcntdq, avx512_vpclmulqdq, avx512_vaes, avx512_vnni, clflush, clflushopt, clwb, avx512_vbmi2, avx512_vbmi, rdtscp, rdpid, fsrm, gfni, avx512_bitalg, f16c, pku, cet_ibt, cet_ss, avx512_ifma

Memory: 4k page, system-wide physical 3895M (261M free)
TotalPageFile size 14161M (AvailPageFile size 1M)
current process WorkingSet (physical memory assigned to process): 112M, peak: 112M
current process commit charge ("private bytes"): 163M, peak: 163M

vm_info: Java HotSpot(TM) 64-Bit Server VM (20.0.1+9-29) for windows-amd64 JRE (20.0.1+9-29), built on 2023-03-07T13:56:11Z by "mach5one" with MS VC++ 17.1 (VS2022)

END.
